<?xml version="1.0" encoding="UTF-8"?>
<!-- Generated by org.testng.reporters.JUnitXMLReporter -->
<testsuite ignored="0" hostname="LAPTOP-H4T0KVF6" failures="1" tests="1" name="Test1" time="1.018" errors="0" timestamp="2022-10-01T22:35:29 IST">
  <testcase classname="Typesofparallel.Dpe" name="tc1" time="0.957">
    <failure type="java.lang.NullPointerException" message="Cannot invoke &amp;quot;org.openqa.selenium.WebDriver.manage()&amp;quot; because &amp;quot;this.driver&amp;quot; is null">
      <![CDATA[java.lang.NullPointerException: Cannot invoke "org.openqa.selenium.WebDriver.manage()" because "this.driver" is null
at Typesofparallel.Dpe.tc1(Dpe.java:28)
at java.base/java.util.ArrayList.forEach(ArrayList.java:1511)
... Removed 27 stack frames]]>
    </failure>
  </testcase> <!-- tc1 -->
</testsuite> <!-- Test1 -->
